{"/Users/dolchhab/Documents/projects/hacker-news/hacker-news-app/src/App.js": {"path":"/Users/dolchhab/Documents/projects/hacker-news/hacker-news-app/src/App.js","statementMap":{"0":{"start":{"line":4,"column":12},"end":{"line":6,"column":1}},"1":{"start":{"line":5,"column":2},"end":{"line":5,"column":32}}},"fnMap":{"0":{"name":"(anonymous_0)","decl":{"start":{"line":4,"column":12},"end":{"line":4,"column":13}},"loc":{"start":{"line":4,"column":18},"end":{"line":6,"column":1}},"line":4}},"branchMap":{},"s":{"0":1,"1":1},"f":{"0":1},"b":{},"_coverageSchema":"1a1c01bbd47fc00a2c39e90264f33305004495a9","hash":"66830c1ea6b31c4b6c7df5814fe30b7d76645e07"}
,"/Users/dolchhab/Documents/projects/hacker-news/hacker-news-app/src/components/organisms/Hello.js": {"path":"/Users/dolchhab/Documents/projects/hacker-news/hacker-news-app/src/components/organisms/Hello.js","statementMap":{"0":{"start":{"line":3,"column":14},"end":{"line":9,"column":1}},"1":{"start":{"line":4,"column":2},"end":{"line":8,"column":4}}},"fnMap":{"0":{"name":"(anonymous_0)","decl":{"start":{"line":3,"column":14},"end":{"line":3,"column":15}},"loc":{"start":{"line":3,"column":25},"end":{"line":9,"column":1}},"line":3}},"branchMap":{},"s":{"0":1,"1":0},"f":{"0":0},"b":{},"_coverageSchema":"1a1c01bbd47fc00a2c39e90264f33305004495a9","hash":"0d143983a2de678cd9c13b69778a84f4e87104bb"}
}
